<?xml version="1.0" encoding="UTF-8"?>
<testsuite name="io.github.iml1s.tx.bitcoin.ByteArrayUtilsTest" tests="2" skipped="0" failures="0" errors="0" timestamp="2025-12-30T07:12:21.833Z" hostname="ImL1sdeMacBook-Pro.local" time="0.03">
  <properties/>
  <testcase name="testInt32LE" classname="io.github.iml1s.tx.bitcoin.ByteArrayUtilsTest" time="0.029"/>
  <testcase name="testVarInt" classname="io.github.iml1s.tx.bitcoin.ByteArrayUtilsTest" time="0.0"/>
  <system-out><![CDATA[]]></system-out>
  <system-err><![CDATA[]]></system-err>
</testsuite>
