<?xml version="1.0" encoding="UTF-8"?>
<testsuite name="io.github.iml1s.tx.bitcoin.ScriptTest" tests="6" skipped="0" failures="0" errors="0" timestamp="2025-12-31T02:17:21.160Z" hostname="WIN_DESKTOP" time="0.044">
  <properties/>
  <testcase name="testP2WPKH_Generation[jvm]" classname="io.github.iml1s.tx.bitcoin.ScriptTest" time="0.042"/>
  <testcase name="testP2TR_Generation[jvm]" classname="io.github.iml1s.tx.bitcoin.ScriptTest" time="0.0"/>
  <testcase name="testP2WSH_Generation[jvm]" classname="io.github.iml1s.tx.bitcoin.ScriptTest" time="0.0"/>
  <testcase name="testPushData_SmallData[jvm]" classname="io.github.iml1s.tx.bitcoin.ScriptTest" time="0.0"/>
  <testcase name="testPushData_EmptyData[jvm]" classname="io.github.iml1s.tx.bitcoin.ScriptTest" time="0.0"/>
  <testcase name="testP2PKH_Generation[jvm]" classname="io.github.iml1s.tx.bitcoin.ScriptTest" time="0.0"/>
  <system-out><![CDATA[]]></system-out>
  <system-err><![CDATA[]]></system-err>
</testsuite>
